<?xml version="1.0" encoding="UTF-8"?>
<!-- Generated by org.testng.reporters.JUnitXMLReporter -->
<testsuite hostname="MeghShiv" ignored="7" name="Sanity Test" tests="4" failures="0" timestamp="2022-12-13T12:45:02 GMT" time="42.198" errors="0">
  <testcase name="verifyUserShouldNavigateToRegisterPageSuccessfully" time="20.734" classname="com.tutorialninja.testsuite.MyAccountPageTest"/>
  <testcase name="verifyUserShouldNavigateToDesktopsPageSuccessfully" time="1.019" classname="com.tutorialninja.testsuite.TopMenuPageTest"/>
  <testcase name="verifyProductsPriceDisplayHighToLowSuccessfully" time="2.44" classname="com.tutorialninja.testsuite.DesktopPageTest"/>
  <testcase name="verifyProductsPriceDisplayHighToLowSuccessfully" time="1.777" classname="com.tutorialninja.testsuite.LaptopsAndNotebooksPageTest"/>
  <testcase name="verifyUserShouldNavigateToLaptopsAndNotebooksPageSuccessfully" time="0.0" classname="com.tutorialninja.testsuite.TopMenuPageTest">
    <ignored/>
  </testcase> <!-- verifyUserShouldNavigateToLaptopsAndNotebooksPageSuccessfully -->
  <testcase name="verifyUserShouldNavigateToComponentsPageSuccessfully" time="0.0" classname="com.tutorialninja.testsuite.TopMenuPageTest">
    <ignored/>
  </testcase> <!-- verifyUserShouldNavigateToComponentsPageSuccessfully -->
  <testcase name="verifyProductAddedToShoppingCartSuccessFully" time="0.0" classname="com.tutorialninja.testsuite.DesktopPageTest">
    <ignored/>
  </testcase> <!-- verifyProductAddedToShoppingCartSuccessFully -->
  <testcase name="verifyThatUserPlaceOrderSuccessfully" time="0.0" classname="com.tutorialninja.testsuite.LaptopsAndNotebooksPageTest">
    <ignored/>
  </testcase> <!-- verifyThatUserPlaceOrderSuccessfully -->
  <testcase name="verifyUserShouldNavigateToLoginPageSuccessfully" time="0.0" classname="com.tutorialninja.testsuite.MyAccountPageTest">
    <ignored/>
  </testcase> <!-- verifyUserShouldNavigateToLoginPageSuccessfully -->
  <testcase name="verifyThatUserShouldLoginAndLogoutSuccessfully" time="0.0" classname="com.tutorialninja.testsuite.MyAccountPageTest">
    <ignored/>
  </testcase> <!-- verifyThatUserShouldLoginAndLogoutSuccessfully -->
  <testcase name="verifyThatUserRegisterAccountSuccessfully" time="0.0" classname="com.tutorialninja.testsuite.MyAccountPageTest">
    <ignored/>
  </testcase> <!-- verifyThatUserRegisterAccountSuccessfully -->
</testsuite> <!-- Sanity Test -->
