<?xml version="1.0" encoding="UTF-8"?>
<testsuite name="Login Page Test"
           tests="2"
           failures="0"
           errors="0"
           skipped="0"
           time="12.642">
  <properties />
  
  
            <testcase name="verifyThatUserPlaceOrderSuccessfully" time="11.147" classname="com.tutorialninja.testsuite.LaptopsAndNotebooksPageTest" />
                <testcase name="verifyProductsPriceDisplayHighToLowSuccessfully" time="1.495" classname="com.tutorialninja.testsuite.LaptopsAndNotebooksPageTest" />
      
</testsuite>
