<?xml version="1.0" encoding="UTF-8"?>
<!-- Generated by org.testng.reporters.JUnitXMLReporter -->
<testsuite hostname="MeghShiv" ignored="0" name="Login Page Test" tests="3" failures="0" timestamp="2022-12-13T12:52:40 GMT" time="14.327" errors="0">
  <testcase name="verifyUserShouldNavigateToComponentsPageSuccessfully" time="0.627" classname="com.tutorialninja.testsuite.TopMenuPageTest"/>
  <testcase name="verifyUserShouldNavigateToDesktopsPageSuccessfully" time="0.931" classname="com.tutorialninja.testsuite.TopMenuPageTest"/>
  <testcase name="verifyUserShouldNavigateToLaptopsAndNotebooksPageSuccessfully" time="0.74" classname="com.tutorialninja.testsuite.TopMenuPageTest"/>
</testsuite> <!-- Login Page Test -->
